WARNING: All log messages before absl::InitializeLog() is called are written to STDERR
I0000 00:00:1773182808.922748 3564947 port.cc:153] oneDNN custom operations are on. You may see slightly different numerical results due to floating-point round-off errors from different computation orders. To turn them off, set the environment variable `TF_ENABLE_ONEDNN_OPTS=0`.
WARNING: All log messages before absl::InitializeLog() is called are written to STDERR
I0000 00:00:1773182812.728370 3564947 port.cc:153] oneDNN custom operations are on. You may see slightly different numerical results due to floating-point round-off errors from different computation orders. To turn them off, set the environment variable `TF_ENABLE_ONEDNN_OPTS=0`.
I0310 22:46:55.160424 128061607978496 xla_bridge.py:841] Unable to initialize backend 'tpu': INTERNAL: Failed to open libtpu.so: libtpu.so: cannot open shared object file: No such file or directory
I0310 22:46:56.367958 128061607978496 run.py:339] Creating samplers for algo bfs
W0310 22:46:56.368593 128061607978496 samplers.py:341] Ignoring kwargs {'length_needle'} when building sampler class <class 'clrs._src.samplers.BfsSampler'>
W0310 22:46:56.369918 128061607978496 samplers.py:114] Sampling dataset on-the-fly, unlimited samples.
W0310 22:46:56.592815 128061607978496 samplers.py:341] Ignoring kwargs {'length_needle'} when building sampler class <class 'clrs._src.samplers.BfsSampler'>
W0310 22:46:56.830650 128061607978496 samplers.py:341] Ignoring kwargs {'length_needle'} when building sampler class <class 'clrs._src.samplers.BfsSampler'>
W0310 22:46:57.133543 128061607978496 samplers.py:341] Ignoring kwargs {'length_needle'} when building sampler class <class 'clrs._src.samplers.BfsSampler'>
W0310 22:46:57.485582 128061607978496 samplers.py:341] Ignoring kwargs {'length_needle'} when building sampler class <class 'clrs._src.samplers.BfsSampler'>
W0310 22:46:57.917389 128061607978496 samplers.py:341] Ignoring kwargs {'length_needle'} when building sampler class <class 'clrs._src.samplers.BfsSampler'>
I0310 22:46:57.917836 128061607978496 samplers.py:130] Creating a dataset with 64 samples.
I0310 22:46:57.953454 128061607978496 run.py:158] Dataset not found in /home/jjw202/data/CLRS30/CLRS30_v1.0.0. Downloading...
I0310 22:47:18.703495 128061607978496 dataset_info.py:708] Load dataset info from /home/jjw202/data/CLRS30/CLRS30_v1.0.0/clrs_dataset/bfs_test/1.0.0
I0310 22:47:18.709408 128061607978496 dataset_info.py:708] Load dataset info from /home/jjw202/data/CLRS30/CLRS30_v1.0.0/clrs_dataset/bfs_test/1.0.0
I0310 22:47:18.715554 128061607978496 reader.py:262] Creating a tf.data.Dataset reading 1 files located in folders: /home/jjw202/data/CLRS30/CLRS30_v1.0.0/clrs_dataset/bfs_test/1.0.0.
I0310 22:47:18.798546 128061607978496 logging_logger.py:49] Constructing tf.data.Dataset clrs_dataset for split test, from /home/jjw202/data/CLRS30/CLRS30_v1.0.0/clrs_dataset/bfs_test/1.0.0
I0310 22:48:04.855715 128061607978496 run.py:527] Algo bfs step 0 current loss 4.038424, current_train_items 32.
I0310 22:48:12.237940 128061607978496 run.py:547] (val) algo bfs step 0: {'pi': 0.529296875, 'score': 0.529296875, 'examples_seen': 32, 'step': 0, 'algorithm': 'bfs'}
I0310 22:48:12.238343 128061607978496 run.py:563] Checkpointing best model, best avg val score was -1.000, current avg val score is 0.529, val scores are: bfs: 0.529
I0310 22:48:43.911513 128061607978496 run.py:527] Algo bfs step 1 current loss 3.741099, current_train_items 64.
I0310 22:49:14.383177 128061607978496 run.py:527] Algo bfs step 2 current loss 3.369721, current_train_items 96.
I0310 22:49:49.928824 128061607978496 run.py:527] Algo bfs step 3 current loss 2.867053, current_train_items 128.
E0310 22:49:58.402619 3565572 cuda_timer.cc:87] Delay kernel timed out: measured time has sub-optimal accuracy. There may be a missing warmup execution, please investigate in Nsight Systems.
I0310 22:50:25.237869 128061607978496 run.py:527] Algo bfs step 4 current loss 2.623475, current_train_items 160.
I0310 22:50:25.279985 128061607978496 run.py:527] Algo bfs step 5 current loss 0.949973, current_train_items 192.
I0310 22:50:25.307157 128061607978496 run.py:527] Algo bfs step 6 current loss 1.344602, current_train_items 224.
I0310 22:50:25.337718 128061607978496 run.py:527] Algo bfs step 7 current loss 1.425572, current_train_items 256.
I0310 22:50:25.371630 128061607978496 run.py:527] Algo bfs step 8 current loss 1.514659, current_train_items 288.
I0310 22:50:25.406842 128061607978496 run.py:527] Algo bfs step 9 current loss 1.758890, current_train_items 320.
I0310 22:50:25.435443 128061607978496 run.py:527] Algo bfs step 10 current loss 0.527797, current_train_items 352.
I0310 22:50:25.450500 128061607978496 run.py:527] Algo bfs step 11 current loss 0.731540, current_train_items 384.
I0310 22:50:25.469214 128061607978496 run.py:527] Algo bfs step 12 current loss 0.820531, current_train_items 416.
I0310 22:50:25.504005 128061607978496 run.py:527] Algo bfs step 13 current loss 0.851695, current_train_items 448.
I0310 22:50:25.537081 128061607978496 run.py:527] Algo bfs step 14 current loss 1.037525, current_train_items 480.
I0310 22:50:25.567150 128061607978496 run.py:527] Algo bfs step 15 current loss 0.304411, current_train_items 512.
I0310 22:50:25.584808 128061607978496 run.py:527] Algo bfs step 16 current loss 0.439697, current_train_items 544.
I0310 22:50:25.603348 128061607978496 run.py:527] Algo bfs step 17 current loss 0.540304, current_train_items 576.
I0310 22:50:25.633193 128061607978496 run.py:527] Algo bfs step 18 current loss 0.632136, current_train_items 608.
I0310 22:50:25.665559 128061607978496 run.py:527] Algo bfs step 19 current loss 0.485315, current_train_items 640.
I0310 22:50:25.693752 128061607978496 run.py:527] Algo bfs step 20 current loss 0.170646, current_train_items 672.
I0310 22:50:25.709521 128061607978496 run.py:527] Algo bfs step 21 current loss 0.395604, current_train_items 704.
I0310 22:50:25.729773 128061607978496 run.py:527] Algo bfs step 22 current loss 0.427731, current_train_items 736.
I0310 22:50:25.764040 128061607978496 run.py:527] Algo bfs step 23 current loss 0.354131, current_train_items 768.
I0310 22:50:25.801161 128061607978496 run.py:527] Algo bfs step 24 current loss 0.391305, current_train_items 800.
I0310 22:50:25.835641 128061607978496 run.py:527] Algo bfs step 25 current loss 0.077966, current_train_items 832.
I0310 22:50:25.851809 128061607978496 run.py:527] Algo bfs step 26 current loss 0.154675, current_train_items 864.
I0310 22:50:25.875715 128061607978496 run.py:527] Algo bfs step 27 current loss 0.199724, current_train_items 896.
I0310 22:50:25.911159 128061607978496 run.py:527] Algo bfs step 28 current loss 0.198884, current_train_items 928.
I0310 22:50:25.942816 128061607978496 run.py:527] Algo bfs step 29 current loss 0.174270, current_train_items 960.
I0310 22:50:25.972097 128061607978496 run.py:527] Algo bfs step 30 current loss 0.044029, current_train_items 992.
I0310 22:50:25.991445 128061607978496 run.py:527] Algo bfs step 31 current loss 0.093655, current_train_items 1024.
I0310 22:50:26.010293 128061607978496 run.py:527] Algo bfs step 32 current loss 0.096062, current_train_items 1056.
I0310 22:50:26.053230 128061607978496 run.py:527] Algo bfs step 33 current loss 0.092821, current_train_items 1088.
I0310 22:50:26.108672 128061607978496 run.py:527] Algo bfs step 34 current loss 0.161786, current_train_items 1120.
I0310 22:50:26.136964 128061607978496 run.py:527] Algo bfs step 35 current loss 0.029217, current_train_items 1152.
I0310 22:50:26.154026 128061607978496 run.py:527] Algo bfs step 36 current loss 0.068546, current_train_items 1184.
I0310 22:50:26.179912 128061607978496 run.py:527] Algo bfs step 37 current loss 0.081763, current_train_items 1216.
I0310 22:50:26.215671 128061607978496 run.py:527] Algo bfs step 38 current loss 0.088269, current_train_items 1248.
I0310 22:50:26.267830 128061607978496 run.py:527] Algo bfs step 39 current loss 0.145836, current_train_items 1280.
I0310 22:50:26.293874 128061607978496 run.py:527] Algo bfs step 40 current loss 0.025088, current_train_items 1312.
I0310 22:50:26.311359 128061607978496 run.py:527] Algo bfs step 41 current loss 0.060191, current_train_items 1344.
I0310 22:50:26.334844 128061607978496 run.py:527] Algo bfs step 42 current loss 0.062133, current_train_items 1376.
I0310 22:50:26.378815 128061607978496 run.py:527] Algo bfs step 43 current loss 0.087814, current_train_items 1408.
I0310 22:50:26.432759 128061607978496 run.py:527] Algo bfs step 44 current loss 0.074244, current_train_items 1440.
I0310 22:50:26.468826 128061607978496 run.py:527] Algo bfs step 45 current loss 0.019741, current_train_items 1472.
I0310 22:50:26.485240 128061607978496 run.py:527] Algo bfs step 46 current loss 0.066953, current_train_items 1504.
I0310 22:50:26.505772 128061607978496 run.py:527] Algo bfs step 47 current loss 0.114998, current_train_items 1536.
I0310 22:50:26.538985 128061607978496 run.py:527] Algo bfs step 48 current loss 0.080425, current_train_items 1568.
I0310 22:50:26.583446 128061607978496 run.py:527] Algo bfs step 49 current loss 0.064923, current_train_items 1600.
I0310 22:50:26.611860 128061607978496 run.py:527] Algo bfs step 50 current loss 0.027151, current_train_items 1632.
I0310 22:50:26.640823 128061607978496 run.py:547] (val) algo bfs step 50: {'pi': 0.9951171875, 'score': 0.9951171875, 'examples_seen': 1632, 'step': 50, 'algorithm': 'bfs'}
I0310 22:50:26.641014 128061607978496 run.py:563] Checkpointing best model, best avg val score was 0.529, current avg val score is 0.995, val scores are: bfs: 0.995
I0310 22:50:26.697878 128061607978496 run.py:527] Algo bfs step 51 current loss 0.027169, current_train_items 1664.
I0310 22:50:26.716399 128061607978496 run.py:527] Algo bfs step 52 current loss 0.066710, current_train_items 1696.
I0310 22:50:26.757471 128061607978496 run.py:527] Algo bfs step 53 current loss 0.052224, current_train_items 1728.
I0310 22:50:26.812354 128061607978496 run.py:527] Algo bfs step 54 current loss 0.036633, current_train_items 1760.
I0310 22:50:26.852073 128061607978496 run.py:527] Algo bfs step 55 current loss 0.007186, current_train_items 1792.
I0310 22:50:26.885440 128061607978496 run.py:527] Algo bfs step 56 current loss 0.021726, current_train_items 1824.
I0310 22:50:26.927366 128061607978496 run.py:527] Algo bfs step 57 current loss 0.035919, current_train_items 1856.
I0310 22:50:26.975106 128061607978496 run.py:527] Algo bfs step 58 current loss 0.044643, current_train_items 1888.
I0310 22:50:27.033378 128061607978496 run.py:527] Algo bfs step 59 current loss 0.045874, current_train_items 1920.
I0310 22:50:27.074195 128061607978496 run.py:527] Algo bfs step 60 current loss 0.011388, current_train_items 1952.
I0310 22:50:27.108254 128061607978496 run.py:527] Algo bfs step 61 current loss 0.017326, current_train_items 1984.
I0310 22:50:27.149658 128061607978496 run.py:527] Algo bfs step 62 current loss 0.020993, current_train_items 2016.
I0310 22:50:27.189100 128061607978496 run.py:527] Algo bfs step 63 current loss 0.043120, current_train_items 2048.
I0310 22:50:27.223183 128061607978496 run.py:527] Algo bfs step 64 current loss 0.074826, current_train_items 2080.
I0310 22:50:27.272782 128061607978496 run.py:527] Algo bfs step 65 current loss 0.005175, current_train_items 2112.
I0310 22:50:27.287862 128061607978496 run.py:527] Algo bfs step 66 current loss 0.009987, current_train_items 2144.
I0310 22:50:27.328769 128061607978496 run.py:527] Algo bfs step 67 current loss 0.038317, current_train_items 2176.
I0310 22:50:27.387843 128061607978496 run.py:527] Algo bfs step 68 current loss 0.044194, current_train_items 2208.
I0310 22:50:27.437045 128061607978496 run.py:527] Algo bfs step 69 current loss 0.040278, current_train_items 2240.
I0310 22:50:27.483760 128061607978496 run.py:527] Algo bfs step 70 current loss 0.003595, current_train_items 2272.
I0310 22:50:27.511091 128061607978496 run.py:527] Algo bfs step 71 current loss 0.017208, current_train_items 2304.
I0310 22:50:27.531799 128061607978496 run.py:527] Algo bfs step 72 current loss 0.023635, current_train_items 2336.
I0310 22:50:27.564690 128061607978496 run.py:527] Algo bfs step 73 current loss 0.029651, current_train_items 2368.
I0310 22:50:27.604196 128061607978496 run.py:527] Algo bfs step 74 current loss 0.035796, current_train_items 2400.
I0310 22:50:27.644654 128061607978496 run.py:527] Algo bfs step 75 current loss 0.008236, current_train_items 2432.
I0310 22:50:27.661049 128061607978496 run.py:527] Algo bfs step 76 current loss 0.019634, current_train_items 2464.
I0310 22:50:27.694288 128061607978496 run.py:527] Algo bfs step 77 current loss 0.018291, current_train_items 2496.
I0310 22:50:27.732308 128061607978496 run.py:527] Algo bfs step 78 current loss 0.029386, current_train_items 2528.
I0310 22:50:27.778896 128061607978496 run.py:527] Algo bfs step 79 current loss 0.037221, current_train_items 2560.
I0310 22:50:27.852718 128061607978496 run.py:527] Algo bfs step 80 current loss 0.002860, current_train_items 2592.
I0310 22:50:27.891962 128061607978496 run.py:527] Algo bfs step 81 current loss 0.011620, current_train_items 2624.
I0310 22:50:27.915611 128061607978496 run.py:527] Algo bfs step 82 current loss 0.024993, current_train_items 2656.
I0310 22:50:27.952875 128061607978496 run.py:527] Algo bfs step 83 current loss 0.043381, current_train_items 2688.
I0310 22:50:28.007967 128061607978496 run.py:527] Algo bfs step 84 current loss 0.054842, current_train_items 2720.
I0310 22:50:28.052299 128061607978496 run.py:527] Algo bfs step 85 current loss 0.002896, current_train_items 2752.
I0310 22:50:28.078156 128061607978496 run.py:527] Algo bfs step 86 current loss 0.002976, current_train_items 2784.
I0310 22:50:28.116178 128061607978496 run.py:527] Algo bfs step 87 current loss 0.022625, current_train_items 2816.
I0310 22:50:28.160485 128061607978496 run.py:527] Algo bfs step 88 current loss 0.026048, current_train_items 2848.
I0310 22:50:28.217669 128061607978496 run.py:527] Algo bfs step 89 current loss 0.062211, current_train_items 2880.
I0310 22:50:28.253870 128061607978496 run.py:527] Algo bfs step 90 current loss 0.006894, current_train_items 2912.
I0310 22:50:28.280288 128061607978496 run.py:527] Algo bfs step 91 current loss 0.009066, current_train_items 2944.
I0310 22:50:28.309717 128061607978496 run.py:527] Algo bfs step 92 current loss 0.024303, current_train_items 2976.
I0310 22:50:28.354880 128061607978496 run.py:527] Algo bfs step 93 current loss 0.032503, current_train_items 3008.
I0310 22:50:28.405148 128061607978496 run.py:527] Algo bfs step 94 current loss 0.036057, current_train_items 3040.
I0310 22:50:28.442613 128061607978496 run.py:527] Algo bfs step 95 current loss 0.003231, current_train_items 3072.
I0310 22:50:28.471013 128061607978496 run.py:527] Algo bfs step 96 current loss 0.011355, current_train_items 3104.
I0310 22:50:28.505559 128061607978496 run.py:527] Algo bfs step 97 current loss 0.011334, current_train_items 3136.
I0310 22:50:28.547247 128061607978496 run.py:527] Algo bfs step 98 current loss 0.030101, current_train_items 3168.
I0310 22:50:28.596964 128061607978496 run.py:527] Algo bfs step 99 current loss 0.020074, current_train_items 3200.
I0310 22:50:28.634889 128061607978496 run.py:527] Algo bfs step 100 current loss 0.002867, current_train_items 3232.
I0310 22:50:28.667143 128061607978496 run.py:547] (val) algo bfs step 100: {'pi': 0.9990234375, 'score': 0.9990234375, 'examples_seen': 3232, 'step': 100, 'algorithm': 'bfs'}
I0310 22:50:28.667328 128061607978496 run.py:563] Checkpointing best model, best avg val score was 0.995, current avg val score is 0.999, val scores are: bfs: 0.999
I0310 22:50:28.773720 128061607978496 run.py:527] Algo bfs step 101 current loss 0.016669, current_train_items 3264.
I0310 22:50:28.812705 128061607978496 run.py:527] Algo bfs step 102 current loss 0.031003, current_train_items 3296.
I0310 22:50:28.864886 128061607978496 run.py:527] Algo bfs step 103 current loss 0.020372, current_train_items 3328.
I0310 22:50:28.908495 128061607978496 run.py:527] Algo bfs step 104 current loss 0.022974, current_train_items 3360.
I0310 22:50:28.949138 128061607978496 run.py:527] Algo bfs step 105 current loss 0.002194, current_train_items 3392.
I0310 22:50:28.979435 128061607978496 run.py:527] Algo bfs step 106 current loss 0.022279, current_train_items 3424.
I0310 22:50:29.011685 128061607978496 run.py:527] Algo bfs step 107 current loss 0.011524, current_train_items 3456.
I0310 22:50:29.055712 128061607978496 run.py:527] Algo bfs step 108 current loss 0.018367, current_train_items 3488.
I0310 22:50:29.109165 128061607978496 run.py:527] Algo bfs step 109 current loss 0.041050, current_train_items 3520.
I0310 22:50:29.136736 128061607978496 run.py:527] Algo bfs step 110 current loss 0.001812, current_train_items 3552.
I0310 22:50:29.152572 128061607978496 run.py:527] Algo bfs step 111 current loss 0.011731, current_train_items 3584.
I0310 22:50:29.172163 128061607978496 run.py:527] Algo bfs step 112 current loss 0.016369, current_train_items 3616.
I0310 22:50:29.217218 128061607978496 run.py:527] Algo bfs step 113 current loss 0.022013, current_train_items 3648.
I0310 22:50:29.268174 128061607978496 run.py:527] Algo bfs step 114 current loss 0.036870, current_train_items 3680.
I0310 22:50:29.302263 128061607978496 run.py:527] Algo bfs step 115 current loss 0.008631, current_train_items 3712.
I0310 22:50:29.316487 128061607978496 run.py:527] Algo bfs step 116 current loss 0.003985, current_train_items 3744.
I0310 22:50:29.352409 128061607978496 run.py:527] Algo bfs step 117 current loss 0.039877, current_train_items 3776.
I0310 22:50:29.375829 128061607978496 run.py:527] Algo bfs step 118 current loss 0.020019, current_train_items 3808.
I0310 22:50:29.428245 128061607978496 run.py:527] Algo bfs step 119 current loss 0.027293, current_train_items 3840.
I0310 22:50:29.462579 128061607978496 run.py:527] Algo bfs step 120 current loss 0.001629, current_train_items 3872.
I0310 22:50:29.494659 128061607978496 run.py:527] Algo bfs step 121 current loss 0.010949, current_train_items 3904.
I0310 22:50:29.528519 128061607978496 run.py:527] Algo bfs step 122 current loss 0.046902, current_train_items 3936.
I0310 22:50:29.570715 128061607978496 run.py:527] Algo bfs step 123 current loss 0.022835, current_train_items 3968.
I0310 22:50:29.617745 128061607978496 run.py:527] Algo bfs step 124 current loss 0.034855, current_train_items 4000.
I0310 22:50:29.654202 128061607978496 run.py:527] Algo bfs step 125 current loss 0.001584, current_train_items 4032.
I0310 22:50:29.670745 128061607978496 run.py:527] Algo bfs step 126 current loss 0.011382, current_train_items 4064.
I0310 22:50:29.716556 128061607978496 run.py:527] Algo bfs step 127 current loss 0.016473, current_train_items 4096.
I0310 22:50:29.760747 128061607978496 run.py:527] Algo bfs step 128 current loss 0.021343, current_train_items 4128.
I0310 22:50:29.810646 128061607978496 run.py:527] Algo bfs step 129 current loss 0.043186, current_train_items 4160.
I0310 22:50:29.843067 128061607978496 run.py:527] Algo bfs step 130 current loss 0.001871, current_train_items 4192.
I0310 22:50:29.868869 128061607978496 run.py:527] Algo bfs step 131 current loss 0.013313, current_train_items 4224.
I0310 22:50:29.898548 128061607978496 run.py:527] Algo bfs step 132 current loss 0.013118, current_train_items 4256.
I0310 22:50:29.932071 128061607978496 run.py:527] Algo bfs step 133 current loss 0.033486, current_train_items 4288.
I0310 22:50:29.983020 128061607978496 run.py:527] Algo bfs step 134 current loss 0.021542, current_train_items 4320.
I0310 22:50:30.023780 128061607978496 run.py:527] Algo bfs step 135 current loss 0.001753, current_train_items 4352.
I0310 22:50:30.048422 128061607978496 run.py:527] Algo bfs step 136 current loss 0.006828, current_train_items 4384.
I0310 22:50:30.068207 128061607978496 run.py:527] Algo bfs step 137 current loss 0.015688, current_train_items 4416.
I0310 22:50:30.095937 128061607978496 run.py:527] Algo bfs step 138 current loss 0.029297, current_train_items 4448.
I0310 22:50:30.153686 128061607978496 run.py:527] Algo bfs step 139 current loss 0.022344, current_train_items 4480.
I0310 22:50:30.190740 128061607978496 run.py:527] Algo bfs step 140 current loss 0.001564, current_train_items 4512.
I0310 22:50:30.217182 128061607978496 run.py:527] Algo bfs step 141 current loss 0.007229, current_train_items 4544.
I0310 22:50:30.252591 128061607978496 run.py:527] Algo bfs step 142 current loss 0.018673, current_train_items 4576.
I0310 22:50:30.284287 128061607978496 run.py:527] Algo bfs step 143 current loss 0.008880, current_train_items 4608.
I0310 22:50:30.336420 128061607978496 run.py:527] Algo bfs step 144 current loss 0.018666, current_train_items 4640.
I0310 22:50:30.378853 128061607978496 run.py:527] Algo bfs step 145 current loss 0.001824, current_train_items 4672.
I0310 22:50:30.395188 128061607978496 run.py:527] Algo bfs step 146 current loss 0.006934, current_train_items 4704.
I0310 22:50:30.414515 128061607978496 run.py:527] Algo bfs step 147 current loss 0.040148, current_train_items 4736.
I0310 22:50:30.442399 128061607978496 run.py:527] Algo bfs step 148 current loss 0.028745, current_train_items 4768.
I0310 22:50:30.502936 128061607978496 run.py:527] Algo bfs step 149 current loss 0.029103, current_train_items 4800.
I0310 22:50:30.539381 128061607978496 run.py:527] Algo bfs step 150 current loss 0.001152, current_train_items 4832.
I0310 22:50:30.566575 128061607978496 run.py:547] (val) algo bfs step 150: {'pi': 0.99609375, 'score': 0.99609375, 'examples_seen': 4832, 'step': 150, 'algorithm': 'bfs'}
I0310 22:50:30.566860 128061607978496 run.py:566] Not saving new best model, best avg val score was 0.999, current avg val score is 0.996, val scores are: bfs: 0.996
I0310 22:50:30.596547 128061607978496 run.py:527] Algo bfs step 151 current loss 0.014364, current_train_items 4864.
I0310 22:50:30.632300 128061607978496 run.py:527] Algo bfs step 152 current loss 0.017173, current_train_items 4896.
I0310 22:50:30.674330 128061607978496 run.py:527] Algo bfs step 153 current loss 0.012594, current_train_items 4928.
W0310 22:50:30.711716 128061607978496 samplers.py:189] Increasing hint lengh from 9 to 10
I0310 22:50:56.967338 128061607978496 run.py:527] Algo bfs step 154 current loss 0.024188, current_train_items 4960.
I0310 22:50:57.012705 128061607978496 run.py:527] Algo bfs step 155 current loss 0.001152, current_train_items 4992.
I0310 22:50:57.032942 128061607978496 run.py:527] Algo bfs step 156 current loss 0.007082, current_train_items 5024.
I0310 22:50:57.063098 128061607978496 run.py:527] Algo bfs step 157 current loss 0.026886, current_train_items 5056.
I0310 22:50:57.094464 128061607978496 run.py:527] Algo bfs step 158 current loss 0.027456, current_train_items 5088.
I0310 22:50:57.143217 128061607978496 run.py:527] Algo bfs step 159 current loss 0.025955, current_train_items 5120.
I0310 22:50:57.170733 128061607978496 run.py:527] Algo bfs step 160 current loss 0.002205, current_train_items 5152.
I0310 22:50:57.191206 128061607978496 run.py:527] Algo bfs step 161 current loss 0.003885, current_train_items 5184.
I0310 22:50:57.209042 128061607978496 run.py:527] Algo bfs step 162 current loss 0.013728, current_train_items 5216.
I0310 22:50:57.236293 128061607978496 run.py:527] Algo bfs step 163 current loss 0.027760, current_train_items 5248.
I0310 22:50:57.272070 128061607978496 run.py:527] Algo bfs step 164 current loss 0.049401, current_train_items 5280.
I0310 22:50:57.304987 128061607978496 run.py:527] Algo bfs step 165 current loss 0.002515, current_train_items 5312.
I0310 22:50:57.323886 128061607978496 run.py:527] Algo bfs step 166 current loss 0.002549, current_train_items 5344.
I0310 22:50:57.342051 128061607978496 run.py:527] Algo bfs step 167 current loss 0.017095, current_train_items 5376.
I0310 22:50:57.370799 128061607978496 run.py:527] Algo bfs step 168 current loss 0.012653, current_train_items 5408.
I0310 22:50:57.421277 128061607978496 run.py:527] Algo bfs step 169 current loss 0.019767, current_train_items 5440.
I0310 22:50:57.459280 128061607978496 run.py:527] Algo bfs step 170 current loss 0.004517, current_train_items 5472.
I0310 22:50:57.478182 128061607978496 run.py:527] Algo bfs step 171 current loss 0.012868, current_train_items 5504.
I0310 22:50:57.497320 128061607978496 run.py:527] Algo bfs step 172 current loss 0.015461, current_train_items 5536.
I0310 22:50:57.529953 128061607978496 run.py:527] Algo bfs step 173 current loss 0.009938, current_train_items 5568.
I0310 22:50:57.566938 128061607978496 run.py:527] Algo bfs step 174 current loss 0.030354, current_train_items 5600.
I0310 22:50:57.619117 128061607978496 run.py:527] Algo bfs step 175 current loss 0.000882, current_train_items 5632.
I0310 22:50:57.647557 128061607978496 run.py:527] Algo bfs step 176 current loss 0.019578, current_train_items 5664.
I0310 22:50:57.681615 128061607978496 run.py:527] Algo bfs step 177 current loss 0.008524, current_train_items 5696.
I0310 22:50:57.707071 128061607978496 run.py:527] Algo bfs step 178 current loss 0.015035, current_train_items 5728.
I0310 22:50:57.759274 128061607978496 run.py:527] Algo bfs step 179 current loss 0.019857, current_train_items 5760.
I0310 22:50:57.803775 128061607978496 run.py:527] Algo bfs step 180 current loss 0.000955, current_train_items 5792.
I0310 22:50:57.830624 128061607978496 run.py:527] Algo bfs step 181 current loss 0.006153, current_train_items 5824.
I0310 22:50:57.864759 128061607978496 run.py:527] Algo bfs step 182 current loss 0.007555, current_train_items 5856.
I0310 22:50:57.911109 128061607978496 run.py:527] Algo bfs step 183 current loss 0.019921, current_train_items 5888.
I0310 22:50:57.964946 128061607978496 run.py:527] Algo bfs step 184 current loss 0.017307, current_train_items 5920.
I0310 22:50:58.004059 128061607978496 run.py:527] Algo bfs step 185 current loss 0.000972, current_train_items 5952.
I0310 22:50:58.027474 128061607978496 run.py:527] Algo bfs step 186 current loss 0.003366, current_train_items 5984.
I0310 22:50:58.055250 128061607978496 run.py:527] Algo bfs step 187 current loss 0.020576, current_train_items 6016.
I0310 22:50:58.089909 128061607978496 run.py:527] Algo bfs step 188 current loss 0.006988, current_train_items 6048.
I0310 22:50:58.140526 128061607978496 run.py:527] Algo bfs step 189 current loss 0.012876, current_train_items 6080.
I0310 22:50:58.175204 128061607978496 run.py:527] Algo bfs step 190 current loss 0.001299, current_train_items 6112.
I0310 22:50:58.201378 128061607978496 run.py:527] Algo bfs step 191 current loss 0.008424, current_train_items 6144.
I0310 22:50:58.224789 128061607978496 run.py:527] Algo bfs step 192 current loss 0.006247, current_train_items 6176.
I0310 22:50:58.262884 128061607978496 run.py:527] Algo bfs step 193 current loss 0.014886, current_train_items 6208.
I0310 22:50:58.316163 128061607978496 run.py:527] Algo bfs step 194 current loss 0.011469, current_train_items 6240.
I0310 22:50:58.370335 128061607978496 run.py:527] Algo bfs step 195 current loss 0.024317, current_train_items 6272.
I0310 22:50:58.412501 128061607978496 run.py:527] Algo bfs step 196 current loss 0.007361, current_train_items 6304.
I0310 22:50:58.435537 128061607978496 run.py:527] Algo bfs step 197 current loss 0.004558, current_train_items 6336.
I0310 22:50:58.478529 128061607978496 run.py:527] Algo bfs step 198 current loss 0.024119, current_train_items 6368.
W0310 22:50:58.510374 128061607978496 samplers.py:189] Increasing hint lengh from 10 to 11
I0310 22:51:24.664929 128061607978496 run.py:527] Algo bfs step 199 current loss 0.013836, current_train_items 6400.
I0310 22:51:24.736015 128061607978496 run.py:527] Algo bfs step 200 current loss 0.000955, current_train_items 6432.
I0310 22:51:24.769831 128061607978496 run.py:547] (val) algo bfs step 200: {'pi': 0.9931640625, 'score': 0.9931640625, 'examples_seen': 6432, 'step': 200, 'algorithm': 'bfs'}
I0310 22:51:24.770032 128061607978496 run.py:566] Not saving new best model, best avg val score was 0.999, current avg val score is 0.993, val scores are: bfs: 0.993
I0310 22:51:24.792081 128061607978496 run.py:527] Algo bfs step 201 current loss 0.006788, current_train_items 6464.
I0310 22:51:24.834905 128061607978496 run.py:527] Algo bfs step 202 current loss 0.033430, current_train_items 6496.
I0310 22:51:24.889144 128061607978496 run.py:527] Algo bfs step 203 current loss 0.046414, current_train_items 6528.
I0310 22:51:24.942743 128061607978496 run.py:527] Algo bfs step 204 current loss 0.014324, current_train_items 6560.
I0310 22:51:24.997435 128061607978496 run.py:527] Algo bfs step 205 current loss 0.000830, current_train_items 6592.
I0310 22:51:25.024723 128061607978496 run.py:527] Algo bfs step 206 current loss 0.014746, current_train_items 6624.
I0310 22:51:25.048180 128061607978496 run.py:527] Algo bfs step 207 current loss 0.007532, current_train_items 6656.
I0310 22:51:25.097155 128061607978496 run.py:527] Algo bfs step 208 current loss 0.018704, current_train_items 6688.
I0310 22:51:25.145376 128061607978496 run.py:527] Algo bfs step 209 current loss 0.022924, current_train_items 6720.
I0310 22:51:25.188317 128061607978496 run.py:527] Algo bfs step 210 current loss 0.001054, current_train_items 6752.
I0310 22:51:25.220075 128061607978496 run.py:527] Algo bfs step 211 current loss 0.006857, current_train_items 6784.
I0310 22:51:25.256813 128061607978496 run.py:527] Algo bfs step 212 current loss 0.018530, current_train_items 6816.
I0310 22:51:25.296509 128061607978496 run.py:527] Algo bfs step 213 current loss 0.029555, current_train_items 6848.
I0310 22:51:25.357947 128061607978496 run.py:527] Algo bfs step 214 current loss 0.017865, current_train_items 6880.
I0310 22:51:25.392995 128061607978496 run.py:527] Algo bfs step 215 current loss 0.001016, current_train_items 6912.
I0310 22:51:25.408751 128061607978496 run.py:527] Algo bfs step 216 current loss 0.006797, current_train_items 6944.
I0310 22:51:25.430294 128061607978496 run.py:527] Algo bfs step 217 current loss 0.031961, current_train_items 6976.
I0310 22:51:25.458332 128061607978496 run.py:527] Algo bfs step 218 current loss 0.033897, current_train_items 7008.
I0310 22:51:25.509201 128061607978496 run.py:527] Algo bfs step 219 current loss 0.015357, current_train_items 7040.
I0310 22:51:25.559577 128061607978496 run.py:527] Algo bfs step 220 current loss 0.000590, current_train_items 7072.
I0310 22:51:25.589325 128061607978496 run.py:527] Algo bfs step 221 current loss 0.013456, current_train_items 7104.
I0310 22:51:25.625381 128061607978496 run.py:527] Algo bfs step 222 current loss 0.024306, current_train_items 7136.
I0310 22:51:25.652758 128061607978496 run.py:527] Algo bfs step 223 current loss 0.014747, current_train_items 7168.
I0310 22:51:25.687890 128061607978496 run.py:527] Algo bfs step 224 current loss 0.035024, current_train_items 7200.
I0310 22:51:25.737168 128061607978496 run.py:527] Algo bfs step 225 current loss 0.000471, current_train_items 7232.
I0310 22:51:25.766291 128061607978496 run.py:527] Algo bfs step 226 current loss 0.014949, current_train_items 7264.
I0310 22:51:25.797860 128061607978496 run.py:527] Algo bfs step 227 current loss 0.016801, current_train_items 7296.
I0310 22:51:25.829881 128061607978496 run.py:527] Algo bfs step 228 current loss 0.033048, current_train_items 7328.
I0310 22:51:25.880613 128061607978496 run.py:527] Algo bfs step 229 current loss 0.023492, current_train_items 7360.
I0310 22:51:25.915101 128061607978496 run.py:527] Algo bfs step 230 current loss 0.000645, current_train_items 7392.
I0310 22:51:25.930689 128061607978496 run.py:527] Algo bfs step 231 current loss 0.000993, current_train_items 7424.
I0310 22:51:25.954237 128061607978496 run.py:527] Algo bfs step 232 current loss 0.017746, current_train_items 7456.
I0310 22:51:25.987088 128061607978496 run.py:527] Algo bfs step 233 current loss 0.014334, current_train_items 7488.
I0310 22:51:26.026633 128061607978496 run.py:527] Algo bfs step 234 current loss 0.017975, current_train_items 7520.
I0310 22:51:26.064527 128061607978496 run.py:527] Algo bfs step 235 current loss 0.000896, current_train_items 7552.
I0310 22:51:26.085589 128061607978496 run.py:527] Algo bfs step 236 current loss 0.003103, current_train_items 7584.
I0310 22:51:26.109173 128061607978496 run.py:527] Algo bfs step 237 current loss 0.008251, current_train_items 7616.
I0310 22:51:26.154225 128061607978496 run.py:527] Algo bfs step 238 current loss 0.030293, current_train_items 7648.
I0310 22:51:26.188567 128061607978496 run.py:527] Algo bfs step 239 current loss 0.020284, current_train_items 7680.
I0310 22:51:26.255828 128061607978496 run.py:527] Algo bfs step 240 current loss 0.010045, current_train_items 7712.
I0310 22:51:26.273999 128061607978496 run.py:527] Algo bfs step 241 current loss 0.003183, current_train_items 7744.
I0310 22:51:26.295539 128061607978496 run.py:527] Algo bfs step 242 current loss 0.010608, current_train_items 7776.
I0310 22:51:26.325738 128061607978496 run.py:527] Algo bfs step 243 current loss 0.016154, current_train_items 7808.
I0310 22:51:26.361966 128061607978496 run.py:527] Algo bfs step 244 current loss 0.018956, current_train_items 7840.
I0310 22:51:26.413001 128061607978496 run.py:527] Algo bfs step 245 current loss 0.000916, current_train_items 7872.
I0310 22:51:26.429201 128061607978496 run.py:527] Algo bfs step 246 current loss 0.006531, current_train_items 7904.
I0310 22:51:26.447651 128061607978496 run.py:527] Algo bfs step 247 current loss 0.027113, current_train_items 7936.
I0310 22:51:26.482901 128061607978496 run.py:527] Algo bfs step 248 current loss 0.014102, current_train_items 7968.
I0310 22:51:26.542675 128061607978496 run.py:527] Algo bfs step 249 current loss 0.019807, current_train_items 8000.
I0310 22:51:26.572365 128061607978496 run.py:527] Algo bfs step 250 current loss 0.001220, current_train_items 8032.
I0310 22:51:26.598635 128061607978496 run.py:547] (val) algo bfs step 250: {'pi': 1.0, 'score': 1.0, 'examples_seen': 8032, 'step': 250, 'algorithm': 'bfs'}
I0310 22:51:26.598835 128061607978496 run.py:563] Checkpointing best model, best avg val score was 0.999, current avg val score is 1.000, val scores are: bfs: 1.000
I0310 22:51:26.724751 128061607978496 run.py:527] Algo bfs step 251 current loss 0.007461, current_train_items 8064.
I0310 22:51:26.763039 128061607978496 run.py:527] Algo bfs step 252 current loss 0.011482, current_train_items 8096.
I0310 22:51:26.807717 128061607978496 run.py:527] Algo bfs step 253 current loss 0.017381, current_train_items 8128.
I0310 22:51:26.857041 128061607978496 run.py:527] Algo bfs step 254 current loss 0.015572, current_train_items 8160.
I0310 22:51:26.902293 128061607978496 run.py:527] Algo bfs step 255 current loss 0.000846, current_train_items 8192.
I0310 22:51:26.933311 128061607978496 run.py:527] Algo bfs step 256 current loss 0.007173, current_train_items 8224.
I0310 22:51:26.958658 128061607978496 run.py:527] Algo bfs step 257 current loss 0.013015, current_train_items 8256.
I0310 22:51:27.014535 128061607978496 run.py:527] Algo bfs step 258 current loss 0.024477, current_train_items 8288.
I0310 22:51:27.061064 128061607978496 run.py:527] Algo bfs step 259 current loss 0.015137, current_train_items 8320.
I0310 22:51:27.097847 128061607978496 run.py:527] Algo bfs step 260 current loss 0.012351, current_train_items 8352.
I0310 22:51:27.118153 128061607978496 run.py:527] Algo bfs step 261 current loss 0.003221, current_train_items 8384.
I0310 22:51:27.165351 128061607978496 run.py:527] Algo bfs step 262 current loss 0.003869, current_train_items 8416.
I0310 22:51:27.215051 128061607978496 run.py:527] Algo bfs step 263 current loss 0.014709, current_train_items 8448.
I0310 22:51:27.276639 128061607978496 run.py:527] Algo bfs step 264 current loss 0.012726, current_train_items 8480.
I0310 22:51:27.320667 128061607978496 run.py:527] Algo bfs step 265 current loss 0.000576, current_train_items 8512.
I0310 22:51:27.350687 128061607978496 run.py:527] Algo bfs step 266 current loss 0.009320, current_train_items 8544.
I0310 22:51:27.382660 128061607978496 run.py:527] Algo bfs step 267 current loss 0.003014, current_train_items 8576.
I0310 22:51:27.419106 128061607978496 run.py:527] Algo bfs step 268 current loss 0.009662, current_train_items 8608.
I0310 22:51:27.491303 128061607978496 run.py:527] Algo bfs step 269 current loss 0.020910, current_train_items 8640.
I0310 22:51:27.534657 128061607978496 run.py:527] Algo bfs step 270 current loss 0.000586, current_train_items 8672.
I0310 22:51:27.572680 128061607978496 run.py:527] Algo bfs step 271 current loss 0.023004, current_train_items 8704.
I0310 22:51:27.667712 128061607978496 run.py:527] Algo bfs step 272 current loss 0.044746, current_train_items 8736.
I0310 22:51:27.703943 128061607978496 run.py:527] Algo bfs step 273 current loss 0.018363, current_train_items 8768.
I0310 22:51:27.736911 128061607978496 run.py:527] Algo bfs step 274 current loss 0.018212, current_train_items 8800.
I0310 22:51:27.782843 128061607978496 run.py:527] Algo bfs step 275 current loss 0.000869, current_train_items 8832.
I0310 22:51:27.816705 128061607978496 run.py:527] Algo bfs step 276 current loss 0.009553, current_train_items 8864.
I0310 22:51:27.870430 128061607978496 run.py:527] Algo bfs step 277 current loss 0.009224, current_train_items 8896.
I0310 22:51:27.929901 128061607978496 run.py:527] Algo bfs step 278 current loss 0.014530, current_train_items 8928.
I0310 22:51:27.966197 128061607978496 run.py:527] Algo bfs step 279 current loss 0.029645, current_train_items 8960.
I0310 22:51:28.001552 128061607978496 run.py:527] Algo bfs step 280 current loss 0.000512, current_train_items 8992.
I0310 22:51:28.016151 128061607978496 run.py:527] Algo bfs step 281 current loss 0.012015, current_train_items 9024.
I0310 22:51:28.039389 128061607978496 run.py:527] Algo bfs step 282 current loss 0.012127, current_train_items 9056.
I0310 22:51:28.087675 128061607978496 run.py:527] Algo bfs step 283 current loss 0.007339, current_train_items 9088.
I0310 22:51:28.143096 128061607978496 run.py:527] Algo bfs step 284 current loss 0.010004, current_train_items 9120.
I0310 22:51:28.185507 128061607978496 run.py:527] Algo bfs step 285 current loss 0.000386, current_train_items 9152.
I0310 22:51:28.216422 128061607978496 run.py:527] Algo bfs step 286 current loss 0.011754, current_train_items 9184.
I0310 22:51:28.249131 128061607978496 run.py:527] Algo bfs step 287 current loss 0.007079, current_train_items 9216.
I0310 22:51:28.294071 128061607978496 run.py:527] Algo bfs step 288 current loss 0.014155, current_train_items 9248.
I0310 22:51:28.345328 128061607978496 run.py:527] Algo bfs step 289 current loss 0.009984, current_train_items 9280.
I0310 22:51:28.378309 128061607978496 run.py:527] Algo bfs step 290 current loss 0.000367, current_train_items 9312.
I0310 22:51:28.394636 128061607978496 run.py:527] Algo bfs step 291 current loss 0.022250, current_train_items 9344.
I0310 22:51:28.433258 128061607978496 run.py:527] Algo bfs step 292 current loss 0.011849, current_train_items 9376.
I0310 22:51:28.461565 128061607978496 run.py:527] Algo bfs step 293 current loss 0.009498, current_train_items 9408.
I0310 22:51:28.495193 128061607978496 run.py:527] Algo bfs step 294 current loss 0.006310, current_train_items 9440.
I0310 22:51:28.529425 128061607978496 run.py:527] Algo bfs step 295 current loss 0.000439, current_train_items 9472.
I0310 22:51:28.547266 128061607978496 run.py:527] Algo bfs step 296 current loss 0.014201, current_train_items 9504.
I0310 22:51:28.569635 128061607978496 run.py:527] Algo bfs step 297 current loss 0.015305, current_train_items 9536.
I0310 22:51:28.600419 128061607978496 run.py:527] Algo bfs step 298 current loss 0.005954, current_train_items 9568.
I0310 22:51:28.656664 128061607978496 run.py:527] Algo bfs step 299 current loss 0.018212, current_train_items 9600.
I0310 22:51:28.697296 128061607978496 run.py:527] Algo bfs step 300 current loss 0.000365, current_train_items 9632.
I0310 22:51:28.724975 128061607978496 run.py:547] (val) algo bfs step 300: {'pi': 0.998046875, 'score': 0.998046875, 'examples_seen': 9632, 'step': 300, 'algorithm': 'bfs'}
I0310 22:51:28.725157 128061607978496 run.py:566] Not saving new best model, best avg val score was 1.000, current avg val score is 0.998, val scores are: bfs: 0.998
I0310 22:51:28.755847 128061607978496 run.py:527] Algo bfs step 301 current loss 0.000537, current_train_items 9664.
I0310 22:51:28.796187 128061607978496 run.py:527] Algo bfs step 302 current loss 0.010485, current_train_items 9696.
I0310 22:51:28.824915 128061607978496 run.py:527] Algo bfs step 303 current loss 0.005293, current_train_items 9728.
I0310 22:51:28.863764 128061607978496 run.py:527] Algo bfs step 304 current loss 0.028366, current_train_items 9760.
I0310 22:51:28.922516 128061607978496 run.py:527] Algo bfs step 305 current loss 0.000392, current_train_items 9792.
I0310 22:51:28.940726 128061607978496 run.py:527] Algo bfs step 306 current loss 0.000466, current_train_items 9824.
I0310 22:51:28.972900 128061607978496 run.py:527] Algo bfs step 307 current loss 0.006684, current_train_items 9856.
I0310 22:51:29.014273 128061607978496 run.py:527] Algo bfs step 308 current loss 0.008821, current_train_items 9888.
I0310 22:51:29.043487 128061607978496 run.py:527] Algo bfs step 309 current loss 0.006327, current_train_items 9920.
I0310 22:51:29.087170 128061607978496 run.py:527] Algo bfs step 310 current loss 0.000422, current_train_items 9952.
I0310 22:51:29.114686 128061607978496 run.py:527] Algo bfs step 311 current loss 0.000468, current_train_items 9984.
I0310 22:51:29.135043 128061607978496 run.py:527] Algo bfs step 312 current loss 0.009195, current_train_items 10016.
I0310 22:51:29.164626 128061607978496 run.py:527] Algo bfs step 313 current loss 0.008455, current_train_items 10048.
I0310 22:51:29.208699 128061607978496 run.py:527] Algo bfs step 314 current loss 0.007022, current_train_items 10080.
I0310 22:51:29.268913 128061607978496 run.py:527] Algo bfs step 315 current loss 0.000381, current_train_items 10112.
I0310 22:51:29.297646 128061607978496 run.py:527] Algo bfs step 316 current loss 0.000868, current_train_items 10144.
I0310 22:51:29.340199 128061607978496 run.py:527] Algo bfs step 317 current loss 0.005416, current_train_items 10176.
I0310 22:51:29.385145 128061607978496 run.py:527] Algo bfs step 318 current loss 0.004373, current_train_items 10208.
I0310 22:51:29.432176 128061607978496 run.py:527] Algo bfs step 319 current loss 0.006506, current_train_items 10240.
I0310 22:51:29.468178 128061607978496 run.py:527] Algo bfs step 320 current loss 0.004220, current_train_items 10272.
I0310 22:51:29.493980 128061607978496 run.py:527] Algo bfs step 321 current loss 0.000992, current_train_items 10304.
I0310 22:51:29.514287 128061607978496 run.py:527] Algo bfs step 322 current loss 0.008052, current_train_items 10336.
I0310 22:51:29.546012 128061607978496 run.py:527] Algo bfs step 323 current loss 0.005787, current_train_items 10368.
I0310 22:51:29.591639 128061607978496 run.py:527] Algo bfs step 324 current loss 0.013734, current_train_items 10400.
I0310 22:51:29.634284 128061607978496 run.py:527] Algo bfs step 325 current loss 0.000390, current_train_items 10432.
I0310 22:51:29.650113 128061607978496 run.py:527] Algo bfs step 326 current loss 0.000438, current_train_items 10464.
I0310 22:51:29.669377 128061607978496 run.py:527] Algo bfs step 327 current loss 0.006639, current_train_items 10496.
I0310 22:51:29.700452 128061607978496 run.py:527] Algo bfs step 328 current loss 0.003865, current_train_items 10528.
I0310 22:51:29.787221 128061607978496 run.py:527] Algo bfs step 329 current loss 0.011013, current_train_items 10560.
I0310 22:51:29.856492 128061607978496 run.py:527] Algo bfs step 330 current loss 0.000347, current_train_items 10592.
I0310 22:51:29.874218 128061607978496 run.py:527] Algo bfs step 331 current loss 0.000440, current_train_items 10624.
I0310 22:51:29.897721 128061607978496 run.py:527] Algo bfs step 332 current loss 0.003326, current_train_items 10656.
I0310 22:51:29.943129 128061607978496 run.py:527] Algo bfs step 333 current loss 0.005596, current_train_items 10688.
I0310 22:51:29.995668 128061607978496 run.py:527] Algo bfs step 334 current loss 0.005485, current_train_items 10720.
I0310 22:51:30.041034 128061607978496 run.py:527] Algo bfs step 335 current loss 0.000349, current_train_items 10752.
I0310 22:51:30.071900 128061607978496 run.py:527] Algo bfs step 336 current loss 0.000343, current_train_items 10784.
I0310 22:51:30.095616 128061607978496 run.py:527] Algo bfs step 337 current loss 0.002255, current_train_items 10816.
I0310 22:51:30.121842 128061607978496 run.py:527] Algo bfs step 338 current loss 0.014310, current_train_items 10848.
I0310 22:51:30.165376 128061607978496 run.py:527] Algo bfs step 339 current loss 0.035720, current_train_items 10880.
I0310 22:51:30.195732 128061607978496 run.py:527] Algo bfs step 340 current loss 0.000303, current_train_items 10912.
I0310 22:51:30.210019 128061607978496 run.py:527] Algo bfs step 341 current loss 0.009262, current_train_items 10944.
I0310 22:51:30.228157 128061607978496 run.py:527] Algo bfs step 342 current loss 0.015539, current_train_items 10976.
I0310 22:51:30.268193 128061607978496 run.py:527] Algo bfs step 343 current loss 0.009518, current_train_items 11008.
I0310 22:51:30.320919 128061607978496 run.py:527] Algo bfs step 344 current loss 0.007378, current_train_items 11040.
I0310 22:51:30.363148 128061607978496 run.py:527] Algo bfs step 345 current loss 0.000258, current_train_items 11072.
I0310 22:51:30.392079 128061607978496 run.py:527] Algo bfs step 346 current loss 0.000520, current_train_items 11104.
I0310 22:51:30.418671 128061607978496 run.py:527] Algo bfs step 347 current loss 0.005016, current_train_items 11136.
I0310 22:51:30.458136 128061607978496 run.py:527] Algo bfs step 348 current loss 0.011629, current_train_items 11168.
I0310 22:51:30.491660 128061607978496 run.py:527] Algo bfs step 349 current loss 0.040404, current_train_items 11200.
I0310 22:51:30.525093 128061607978496 run.py:527] Algo bfs step 350 current loss 0.000262, current_train_items 11232.
I0310 22:51:30.549798 128061607978496 run.py:547] (val) algo bfs step 350: {'pi': 0.9951171875, 'score': 0.9951171875, 'examples_seen': 11232, 'step': 350, 'algorithm': 'bfs'}
I0310 22:51:30.550170 128061607978496 run.py:566] Not saving new best model, best avg val score was 1.000, current avg val score is 0.995, val scores are: bfs: 0.995
I0310 22:51:30.565917 128061607978496 run.py:527] Algo bfs step 351 current loss 0.000275, current_train_items 11264.
I0310 22:51:30.586376 128061607978496 run.py:527] Algo bfs step 352 current loss 0.007721, current_train_items 11296.
I0310 22:51:30.616664 128061607978496 run.py:527] Algo bfs step 353 current loss 0.003824, current_train_items 11328.
I0310 22:51:30.652117 128061607978496 run.py:527] Algo bfs step 354 current loss 0.012182, current_train_items 11360.
I0310 22:51:30.685836 128061607978496 run.py:527] Algo bfs step 355 current loss 0.000354, current_train_items 11392.
I0310 22:51:30.706213 128061607978496 run.py:527] Algo bfs step 356 current loss 0.000289, current_train_items 11424.
I0310 22:51:30.726471 128061607978496 run.py:527] Algo bfs step 357 current loss 0.005201, current_train_items 11456.
I0310 22:51:30.754024 128061607978496 run.py:527] Algo bfs step 358 current loss 0.010366, current_train_items 11488.
I0310 22:51:30.787023 128061607978496 run.py:527] Algo bfs step 359 current loss 0.014563, current_train_items 11520.
I0310 22:51:30.833851 128061607978496 run.py:527] Algo bfs step 360 current loss 0.000231, current_train_items 11552.
I0310 22:51:30.854696 128061607978496 run.py:527] Algo bfs step 361 current loss 0.005621, current_train_items 11584.
I0310 22:51:30.879779 128061607978496 run.py:527] Algo bfs step 362 current loss 0.002930, current_train_items 11616.
I0310 22:51:30.916393 128061607978496 run.py:527] Algo bfs step 363 current loss 0.021236, current_train_items 11648.
I0310 22:51:30.965929 128061607978496 run.py:527] Algo bfs step 364 current loss 0.015668, current_train_items 11680.
I0310 22:51:31.011457 128061607978496 run.py:527] Algo bfs step 365 current loss 0.000215, current_train_items 11712.
I0310 22:51:31.041947 128061607978496 run.py:527] Algo bfs step 366 current loss 0.008405, current_train_items 11744.
I0310 22:51:31.078692 128061607978496 run.py:527] Algo bfs step 367 current loss 0.009492, current_train_items 11776.
I0310 22:51:31.111284 128061607978496 run.py:527] Algo bfs step 368 current loss 0.006617, current_train_items 11808.
I0310 22:51:31.143421 128061607978496 run.py:527] Algo bfs step 369 current loss 0.010443, current_train_items 11840.
I0310 22:51:31.194884 128061607978496 run.py:527] Algo bfs step 370 current loss 0.000328, current_train_items 11872.
I0310 22:51:31.222370 128061607978496 run.py:527] Algo bfs step 371 current loss 0.000269, current_train_items 11904.
I0310 22:51:31.256344 128061607978496 run.py:527] Algo bfs step 372 current loss 0.003348, current_train_items 11936.
I0310 22:51:31.296921 128061607978496 run.py:527] Algo bfs step 373 current loss 0.001896, current_train_items 11968.
I0310 22:51:31.334870 128061607978496 run.py:527] Algo bfs step 374 current loss 0.009768, current_train_items 12000.
I0310 22:51:31.376582 128061607978496 run.py:527] Algo bfs step 375 current loss 0.000243, current_train_items 12032.
I0310 22:51:31.405631 128061607978496 run.py:527] Algo bfs step 376 current loss 0.008061, current_train_items 12064.
I0310 22:51:31.436186 128061607978496 run.py:527] Algo bfs step 377 current loss 0.011546, current_train_items 12096.
I0310 22:51:31.485531 128061607978496 run.py:527] Algo bfs step 378 current loss 0.005365, current_train_items 12128.
I0310 22:51:31.536504 128061607978496 run.py:527] Algo bfs step 379 current loss 0.006256, current_train_items 12160.
I0310 22:51:31.580832 128061607978496 run.py:527] Algo bfs step 380 current loss 0.000220, current_train_items 12192.
I0310 22:51:31.592504 128061607978496 run.py:527] Algo bfs step 381 current loss 0.007878, current_train_items 12224.
I0310 22:51:31.628349 128061607978496 run.py:527] Algo bfs step 382 current loss 0.004917, current_train_items 12256.
I0310 22:51:31.672865 128061607978496 run.py:527] Algo bfs step 383 current loss 0.003482, current_train_items 12288.
I0310 22:51:31.722670 128061607978496 run.py:527] Algo bfs step 384 current loss 0.002353, current_train_items 12320.
I0310 22:51:31.763277 128061607978496 run.py:527] Algo bfs step 385 current loss 0.000203, current_train_items 12352.
I0310 22:51:31.782269 128061607978496 run.py:527] Algo bfs step 386 current loss 0.000220, current_train_items 12384.
I0310 22:51:31.812635 128061607978496 run.py:527] Algo bfs step 387 current loss 0.004708, current_train_items 12416.
I0310 22:51:31.854004 128061607978496 run.py:527] Algo bfs step 388 current loss 0.010264, current_train_items 12448.
I0310 22:51:31.895683 128061607978496 run.py:527] Algo bfs step 389 current loss 0.005559, current_train_items 12480.
I0310 22:51:31.936606 128061607978496 run.py:527] Algo bfs step 390 current loss 0.000236, current_train_items 12512.
I0310 22:51:31.967313 128061607978496 run.py:527] Algo bfs step 391 current loss 0.000504, current_train_items 12544.
I0310 22:51:32.002455 128061607978496 run.py:527] Algo bfs step 392 current loss 0.006010, current_train_items 12576.
I0310 22:51:32.043770 128061607978496 run.py:527] Algo bfs step 393 current loss 0.004854, current_train_items 12608.
I0310 22:51:32.098155 128061607978496 run.py:527] Algo bfs step 394 current loss 0.009054, current_train_items 12640.
I0310 22:51:32.145780 128061607978496 run.py:527] Algo bfs step 395 current loss 0.000209, current_train_items 12672.
W0310 22:51:32.166491 128061607978496 samplers.py:189] Increasing hint lengh from 6 to 7
I0310 22:51:57.547625 128061607978496 run.py:527] Algo bfs step 396 current loss 0.002452, current_train_items 12704.
I0310 22:51:57.576524 128061607978496 run.py:527] Algo bfs step 397 current loss 0.005496, current_train_items 12736.
I0310 22:51:57.646446 128061607978496 run.py:527] Algo bfs step 398 current loss 0.008680, current_train_items 12768.
I0310 22:51:57.697506 128061607978496 run.py:527] Algo bfs step 399 current loss 0.010062, current_train_items 12800.
I0310 22:51:57.835974 128061607978496 run.py:527] Algo bfs step 400 current loss 0.000198, current_train_items 12832.
I0310 22:51:57.878702 128061607978496 run.py:547] (val) algo bfs step 400: {'pi': 0.998046875, 'score': 0.998046875, 'examples_seen': 12832, 'step': 400, 'algorithm': 'bfs'}
I0310 22:51:57.878895 128061607978496 run.py:566] Not saving new best model, best avg val score was 1.000, current avg val score is 0.998, val scores are: bfs: 0.998
I0310 22:51:57.937134 128061607978496 run.py:527] Algo bfs step 401 current loss 0.000261, current_train_items 12864.
I0310 22:51:57.976599 128061607978496 run.py:527] Algo bfs step 402 current loss 0.005786, current_train_items 12896.
I0310 22:51:58.038274 128061607978496 run.py:527] Algo bfs step 403 current loss 0.009263, current_train_items 12928.
I0310 22:51:58.092959 128061607978496 run.py:527] Algo bfs step 404 current loss 0.006638, current_train_items 12960.
I0310 22:51:58.125220 128061607978496 run.py:527] Algo bfs step 405 current loss 0.000334, current_train_items 12992.
I0310 22:51:58.141553 128061607978496 run.py:527] Algo bfs step 406 current loss 0.000213, current_train_items 13024.
I0310 22:51:58.165738 128061607978496 run.py:527] Algo bfs step 407 current loss 0.016993, current_train_items 13056.
I0310 22:51:58.227071 128061607978496 run.py:527] Algo bfs step 408 current loss 0.011510, current_train_items 13088.
I0310 22:51:58.277679 128061607978496 run.py:527] Algo bfs step 409 current loss 0.013544, current_train_items 13120.
I0310 22:51:58.310782 128061607978496 run.py:527] Algo bfs step 410 current loss 0.000196, current_train_items 13152.
I0310 22:51:58.325368 128061607978496 run.py:527] Algo bfs step 411 current loss 0.001972, current_train_items 13184.
I0310 22:51:58.353285 128061607978496 run.py:527] Algo bfs step 412 current loss 0.001735, current_train_items 13216.
I0310 22:51:58.411806 128061607978496 run.py:527] Algo bfs step 413 current loss 0.004877, current_train_items 13248.
I0310 22:51:58.460997 128061607978496 run.py:527] Algo bfs step 414 current loss 0.006945, current_train_items 13280.
I0310 22:51:58.512906 128061607978496 run.py:527] Algo bfs step 415 current loss 0.000163, current_train_items 13312.
I0310 22:51:58.547956 128061607978496 run.py:527] Algo bfs step 416 current loss 0.000388, current_train_items 13344.
I0310 22:51:58.661111 128061607978496 run.py:527] Algo bfs step 417 current loss 0.019072, current_train_items 13376.
I0310 22:51:58.696033 128061607978496 run.py:527] Algo bfs step 418 current loss 0.003460, current_train_items 13408.
I0310 22:51:58.732330 128061607978496 run.py:527] Algo bfs step 419 current loss 0.001674, current_train_items 13440.
I0310 22:51:58.789286 128061607978496 run.py:527] Algo bfs step 420 current loss 0.000193, current_train_items 13472.
I0310 22:51:58.806286 128061607978496 run.py:527] Algo bfs step 421 current loss 0.000370, current_train_items 13504.
I0310 22:51:58.853251 128061607978496 run.py:527] Algo bfs step 422 current loss 0.001943, current_train_items 13536.
I0310 22:51:58.894184 128061607978496 run.py:527] Algo bfs step 423 current loss 0.004453, current_train_items 13568.
I0310 22:51:58.956321 128061607978496 run.py:527] Algo bfs step 424 current loss 0.011478, current_train_items 13600.
I0310 22:51:59.005805 128061607978496 run.py:527] Algo bfs step 425 current loss 0.000270, current_train_items 13632.
I0310 22:51:59.033673 128061607978496 run.py:527] Algo bfs step 426 current loss 0.005189, current_train_items 13664.
I0310 22:51:59.062243 128061607978496 run.py:527] Algo bfs step 427 current loss 0.010047, current_train_items 13696.
I0310 22:51:59.102730 128061607978496 run.py:527] Algo bfs step 428 current loss 0.004339, current_train_items 13728.
I0310 22:51:59.147929 128061607978496 run.py:527] Algo bfs step 429 current loss 0.006439, current_train_items 13760.
I0310 22:51:59.188759 128061607978496 run.py:527] Algo bfs step 430 current loss 0.000257, current_train_items 13792.
I0310 22:51:59.207898 128061607978496 run.py:527] Algo bfs step 431 current loss 0.001066, current_train_items 13824.
I0310 22:51:59.246021 128061607978496 run.py:527] Algo bfs step 432 current loss 0.000740, current_train_items 13856.
I0310 22:51:59.272127 128061607978496 run.py:527] Algo bfs step 433 current loss 0.001476, current_train_items 13888.
I0310 22:51:59.361186 128061607978496 run.py:527] Algo bfs step 434 current loss 0.003713, current_train_items 13920.
I0310 22:51:59.456977 128061607978496 run.py:527] Algo bfs step 435 current loss 0.000266, current_train_items 13952.
I0310 22:51:59.494649 128061607978496 run.py:527] Algo bfs step 436 current loss 0.001728, current_train_items 13984.
I0310 22:51:59.531022 128061607978496 run.py:527] Algo bfs step 437 current loss 0.005029, current_train_items 14016.
I0310 22:51:59.573075 128061607978496 run.py:527] Algo bfs step 438 current loss 0.001072, current_train_items 14048.
I0310 22:51:59.630712 128061607978496 run.py:527] Algo bfs step 439 current loss 0.009178, current_train_items 14080.
I0310 22:51:59.701485 128061607978496 run.py:527] Algo bfs step 440 current loss 0.000236, current_train_items 14112.
I0310 22:51:59.742972 128061607978496 run.py:527] Algo bfs step 441 current loss 0.002089, current_train_items 14144.
I0310 22:51:59.786777 128061607978496 run.py:527] Algo bfs step 442 current loss 0.005210, current_train_items 14176.
I0310 22:51:59.834095 128061607978496 run.py:527] Algo bfs step 443 current loss 0.009448, current_train_items 14208.
I0310 22:51:59.886287 128061607978496 run.py:527] Algo bfs step 444 current loss 0.009462, current_train_items 14240.
I0310 22:51:59.947176 128061607978496 run.py:527] Algo bfs step 445 current loss 0.010425, current_train_items 14272.
I0310 22:51:59.961358 128061607978496 run.py:527] Algo bfs step 446 current loss 0.000266, current_train_items 14304.
I0310 22:51:59.982916 128061607978496 run.py:527] Algo bfs step 447 current loss 0.003924, current_train_items 14336.
I0310 22:52:00.024775 128061607978496 run.py:527] Algo bfs step 448 current loss 0.005717, current_train_items 14368.
I0310 22:52:00.063039 128061607978496 run.py:527] Algo bfs step 449 current loss 0.006647, current_train_items 14400.
I0310 22:52:00.121133 128061607978496 run.py:527] Algo bfs step 450 current loss 0.000253, current_train_items 14432.
I0310 22:52:00.173740 128061607978496 run.py:547] (val) algo bfs step 450: {'pi': 0.994140625, 'score': 0.994140625, 'examples_seen': 14432, 'step': 450, 'algorithm': 'bfs'}
I0310 22:52:00.173932 128061607978496 run.py:566] Not saving new best model, best avg val score was 1.000, current avg val score is 0.994, val scores are: bfs: 0.994
I0310 22:52:00.211148 128061607978496 run.py:527] Algo bfs step 451 current loss 0.001187, current_train_items 14464.
I0310 22:52:00.252852 128061607978496 run.py:527] Algo bfs step 452 current loss 0.007381, current_train_items 14496.
I0310 22:52:00.277766 128061607978496 run.py:527] Algo bfs step 453 current loss 0.010785, current_train_items 14528.
I0310 22:52:00.323321 128061607978496 run.py:527] Algo bfs step 454 current loss 0.004795, current_train_items 14560.
I0310 22:52:00.369687 128061607978496 run.py:527] Algo bfs step 455 current loss 0.000278, current_train_items 14592.
I0310 22:52:00.396078 128061607978496 run.py:527] Algo bfs step 456 current loss 0.012494, current_train_items 14624.
I0310 22:52:00.419944 128061607978496 run.py:527] Algo bfs step 457 current loss 0.009719, current_train_items 14656.
I0310 22:52:00.482998 128061607978496 run.py:527] Algo bfs step 458 current loss 0.011292, current_train_items 14688.
I0310 22:52:00.550037 128061607978496 run.py:527] Algo bfs step 459 current loss 0.017869, current_train_items 14720.
I0310 22:52:00.609905 128061607978496 run.py:527] Algo bfs step 460 current loss 0.000289, current_train_items 14752.
I0310 22:52:00.651105 128061607978496 run.py:527] Algo bfs step 461 current loss 0.002002, current_train_items 14784.
I0310 22:52:00.676231 128061607978496 run.py:527] Algo bfs step 462 current loss 0.001111, current_train_items 14816.
I0310 22:52:00.714184 128061607978496 run.py:527] Algo bfs step 463 current loss 0.008958, current_train_items 14848.
I0310 22:52:00.754277 128061607978496 run.py:527] Algo bfs step 464 current loss 0.010208, current_train_items 14880.
I0310 22:52:00.798978 128061607978496 run.py:527] Algo bfs step 465 current loss 0.000358, current_train_items 14912.
I0310 22:52:00.821336 128061607978496 run.py:527] Algo bfs step 466 current loss 0.001002, current_train_items 14944.
I0310 22:52:00.857007 128061607978496 run.py:527] Algo bfs step 467 current loss 0.001036, current_train_items 14976.
I0310 22:52:00.901923 128061607978496 run.py:527] Algo bfs step 468 current loss 0.007879, current_train_items 15008.
I0310 22:52:00.937325 128061607978496 run.py:527] Algo bfs step 469 current loss 0.003323, current_train_items 15040.
I0310 22:52:00.987650 128061607978496 run.py:527] Algo bfs step 470 current loss 0.000446, current_train_items 15072.
I0310 22:52:01.034646 128061607978496 run.py:527] Algo bfs step 471 current loss 0.002765, current_train_items 15104.
I0310 22:52:01.068288 128061607978496 run.py:527] Algo bfs step 472 current loss 0.003969, current_train_items 15136.
I0310 22:52:01.144702 128061607978496 run.py:527] Algo bfs step 473 current loss 0.005236, current_train_items 15168.
I0310 22:52:01.195714 128061607978496 run.py:527] Algo bfs step 474 current loss 0.034076, current_train_items 15200.
I0310 22:52:01.240730 128061607978496 run.py:527] Algo bfs step 475 current loss 0.000865, current_train_items 15232.
I0310 22:52:01.259464 128061607978496 run.py:527] Algo bfs step 476 current loss 0.007153, current_train_items 15264.
I0310 22:52:01.286047 128061607978496 run.py:527] Algo bfs step 477 current loss 0.008080, current_train_items 15296.
I0310 22:52:01.322983 128061607978496 run.py:527] Algo bfs step 478 current loss 0.007333, current_train_items 15328.
I0310 22:52:01.360246 128061607978496 run.py:527] Algo bfs step 479 current loss 0.009808, current_train_items 15360.
I0310 22:52:01.404412 128061607978496 run.py:527] Algo bfs step 480 current loss 0.000701, current_train_items 15392.
I0310 22:52:01.433656 128061607978496 run.py:527] Algo bfs step 481 current loss 0.000363, current_train_items 15424.
I0310 22:52:01.454054 128061607978496 run.py:527] Algo bfs step 482 current loss 0.006176, current_train_items 15456.
I0310 22:52:01.503094 128061607978496 run.py:527] Algo bfs step 483 current loss 0.005197, current_train_items 15488.
I0310 22:52:01.532408 128061607978496 run.py:527] Algo bfs step 484 current loss 0.021030, current_train_items 15520.
I0310 22:52:01.594726 128061607978496 run.py:527] Algo bfs step 485 current loss 0.000223, current_train_items 15552.
I0310 22:52:01.618875 128061607978496 run.py:527] Algo bfs step 486 current loss 0.000219, current_train_items 15584.
I0310 22:52:01.667885 128061607978496 run.py:527] Algo bfs step 487 current loss 0.000523, current_train_items 15616.
I0310 22:52:01.698611 128061607978496 run.py:527] Algo bfs step 488 current loss 0.017826, current_train_items 15648.
I0310 22:52:01.736050 128061607978496 run.py:527] Algo bfs step 489 current loss 0.001705, current_train_items 15680.
I0310 22:52:01.798734 128061607978496 run.py:527] Algo bfs step 490 current loss 0.000165, current_train_items 15712.
I0310 22:52:01.831711 128061607978496 run.py:527] Algo bfs step 491 current loss 0.002443, current_train_items 15744.
I0310 22:52:01.867918 128061607978496 run.py:527] Algo bfs step 492 current loss 0.005554, current_train_items 15776.
I0310 22:52:01.901612 128061607978496 run.py:527] Algo bfs step 493 current loss 0.002639, current_train_items 15808.
I0310 22:52:01.958689 128061607978496 run.py:527] Algo bfs step 494 current loss 0.022300, current_train_items 15840.
I0310 22:52:01.993984 128061607978496 run.py:527] Algo bfs step 495 current loss 0.000178, current_train_items 15872.
I0310 22:52:02.011254 128061607978496 run.py:527] Algo bfs step 496 current loss 0.000244, current_train_items 15904.
I0310 22:52:02.036716 128061607978496 run.py:527] Algo bfs step 497 current loss 0.006733, current_train_items 15936.
I0310 22:52:02.092232 128061607978496 run.py:527] Algo bfs step 498 current loss 0.013707, current_train_items 15968.
I0310 22:52:02.132335 128061607978496 run.py:527] Algo bfs step 499 current loss 0.005414, current_train_items 16000.
I0310 22:52:02.151623 128061607978496 run.py:571] Restoring best model from checkpoint...
E0310 22:54:07.597836 3565576 slow_operation_alarm.cc:73] 
********************************
[Compiling module input_reduce_fusion.1 for GPU] Very slow compile? If you want to file a bug, run with envvar XLA_FLAGS=--xla_dump_to=/tmp/foo and attach the results.
********************************
